1614842034575	geckodriver	INFO	Listening on 127.0.0.1:59637
1614842034662	mozrunner::runner	INFO	Running command: "/usr/bin/firefox" "--marionette" "-foreground" "-no-remote" "-profile" "/tmp/rust_mozprofileKsPHtE"
console.warn: SearchSettings: "get: No settings file exists, new profile?" (new Error("", "(unknown module)"))
console.error: Region.jsm: "Error fetching region" (new Error("TIMEOUT", "resource://gre/modules/Region.jsm", 726))
console.error: Region.jsm: "Failed to fetch region" (new Error("TIMEOUT", "resource://gre/modules/Region.jsm", 376))
1614842071665	Marionette	INFO	Listening on port 35765
1614842072014	Marionette	WARN	TLS certificate errors will be ignored for this session
1614842086806	Marionette	INFO	Stopped listening on port 35765
1614842220343	geckodriver	INFO	Listening on 127.0.0.1:48627
1614842220366	mozrunner::runner	INFO	Running command: "/usr/bin/firefox" "--marionette" "-foreground" "-no-remote" "-profile" "/tmp/rust_mozprofilezS5xFz"
console.warn: SearchSettings: "get: No settings file exists, new profile?" (new Error("", "(unknown module)"))
1614842237777	Marionette	INFO	Listening on port 38171
1614842238324	Marionette	WARN	TLS certificate errors will be ignored for this session
JavaScript error: http://localhost:39165/static/js/bootstrap.min.js, line 6: TypeError: t is undefined
1614842254626	Marionette	INFO	Stopped listening on port 38171
1614842354936	geckodriver	INFO	Listening on 127.0.0.1:40193
1614842354944	mozrunner::runner	INFO	Running command: "/usr/bin/firefox" "--marionette" "-foreground" "-no-remote" "-profile" "/tmp/rust_mozprofilecud0BS"
console.warn: SearchSettings: "get: No settings file exists, new profile?" (new Error("", "(unknown module)"))
1614842363924	Marionette	INFO	Listening on port 41241
1614842364287	Marionette	WARN	TLS certificate errors will be ignored for this session
JavaScript error: http://localhost:42841/static/js/bootstrap.min.js, line 6: TypeError: t is undefined
JavaScript error: http://localhost:42841/static/js/bootstrap.min.js, line 6: TypeError: t is undefined
1614842372876	Marionette	INFO	Stopped listening on port 41241
JavaScript error: resource://activity-stream/lib/ASRouter.jsm, line 987: NS_ERROR_ILLEGAL_VALUE: Component returned failure code: 0x80070057 (NS_ERROR_ILLEGAL_VALUE) [nsIObserverService.removeObserver]
1614842408522	geckodriver	INFO	Listening on 127.0.0.1:49279
1614842408531	mozrunner::runner	INFO	Running command: "/usr/bin/firefox" "--marionette" "-foreground" "-no-remote" "-profile" "/tmp/rust_mozprofileB5OHBH"
console.warn: SearchSettings: "get: No settings file exists, new profile?" (new Error("", "(unknown module)"))
1614842415298	Marionette	INFO	Listening on port 36103
1614842415391	Marionette	WARN	TLS certificate errors will be ignored for this session
JavaScript error: http://localhost:49999/static/js/bootstrap.min.js, line 6: TypeError: t is undefined
JavaScript error: http://localhost:49999/static/js/bootstrap.min.js, line 6: TypeError: t is undefined
1614842420679	Marionette	INFO	Stopped listening on port 36103
JavaScript error: resource://activity-stream/lib/ASRouter.jsm, line 987: NS_ERROR_ILLEGAL_VALUE: Component returned failure code: 0x80070057 (NS_ERROR_ILLEGAL_VALUE) [nsIObserverService.removeObserver]
1614887127507	geckodriver	INFO	Listening on 127.0.0.1:41945
1614887128495	mozrunner::runner	INFO	Running command: "/usr/bin/firefox" "--marionette" "-foreground" "-no-remote" "-profile" "/tmp/rust_mozprofileDFoJtI"
console.warn: SearchSettings: "get: No settings file exists, new profile?" (new Error("", "(unknown module)"))
1614887152308	Marionette	INFO	Listening on port 37061
1614887152806	Marionette	WARN	TLS certificate errors will be ignored for this session
console.error: Region.jsm: "Error fetching region" (new Error("TIMEOUT", "resource://gre/modules/Region.jsm", 726))
console.error: Region.jsm: "Failed to fetch region" (new Error("TIMEOUT", "resource://gre/modules/Region.jsm", 376))
JavaScript error: http://localhost:47229/static/js/bootstrap.min.js, line 6: TypeError: t is undefined
JavaScript error: http://localhost:47229/static/js/bootstrap.min.js, line 6: TypeError: t is undefined
1614887176418	Marionette	INFO	Stopped listening on port 37061
JavaScript error: resource://activity-stream/lib/ASRouter.jsm, line 987: NS_ERROR_ILLEGAL_VALUE: Component returned failure code: 0x80070057 (NS_ERROR_ILLEGAL_VALUE) [nsIObserverService.removeObserver]
1614887261394	geckodriver	INFO	Listening on 127.0.0.1:42217
1614887261403	mozrunner::runner	INFO	Running command: "/usr/bin/firefox" "--marionette" "-foreground" "-no-remote" "-profile" "/tmp/rust_mozprofiley5b8uV"
console.warn: SearchSettings: "get: No settings file exists, new profile?" (new Error("", "(unknown module)"))
1614887269515	Marionette	INFO	Listening on port 43125
1614887269570	Marionette	WARN	TLS certificate errors will be ignored for this session
console.error: Region.jsm: "Error fetching region" (new Error("TIMEOUT", "resource://gre/modules/Region.jsm", 726))
console.error: Region.jsm: "Failed to fetch region" (new Error("TIMEOUT", "resource://gre/modules/Region.jsm", 376))
JavaScript error: http://localhost:51777/static/js/bootstrap.min.js, line 6: TypeError: t is undefined
JavaScript error: http://localhost:51777/static/js/bootstrap.min.js, line 6: TypeError: t is undefined
1614887288442	Marionette	INFO	Stopped listening on port 43125
JavaScript error: resource://activity-stream/lib/ASRouter.jsm, line 987: NS_ERROR_ILLEGAL_VALUE: Component returned failure code: 0x80070057 (NS_ERROR_ILLEGAL_VALUE) [nsIObserverService.removeObserver]
1614887379698	geckodriver	INFO	Listening on 127.0.0.1:44937
1614887379704	mozrunner::runner	INFO	Running command: "/usr/bin/firefox" "--marionette" "-foreground" "-no-remote" "-profile" "/tmp/rust_mozprofileZWCxD8"
console.warn: SearchSettings: "get: No settings file exists, new profile?" (new Error("", "(unknown module)"))
1614887389389	Marionette	INFO	Listening on port 45889
1614887389479	Marionette	WARN	TLS certificate errors will be ignored for this session
console.error: Region.jsm: "Error fetching region" (new Error("TIMEOUT", "resource://gre/modules/Region.jsm", 726))
console.error: Region.jsm: "Failed to fetch region" (new Error("TIMEOUT", "resource://gre/modules/Region.jsm", 376))
JavaScript error: http://localhost:36781/static/js/bootstrap.min.js, line 6: TypeError: t is undefined
JavaScript error: http://localhost:36781/static/js/bootstrap.min.js, line 6: TypeError: t is undefined
1614887407557	Marionette	INFO	Stopped listening on port 45889
JavaScript error: resource://activity-stream/lib/ASRouter.jsm, line 987: NS_ERROR_ILLEGAL_VALUE: Component returned failure code: 0x80070057 (NS_ERROR_ILLEGAL_VALUE) [nsIObserverService.removeObserver]
1614887672377	geckodriver	INFO	Listening on 127.0.0.1:42217
1614887672384	mozrunner::runner	INFO	Running command: "/usr/bin/firefox" "--marionette" "-foreground" "-no-remote" "-profile" "/tmp/rust_mozprofile5E0AUI"
console.warn: SearchSettings: "get: No settings file exists, new profile?" (new Error("", "(unknown module)"))
1614887682053	Marionette	INFO	Listening on port 42183
1614887682149	Marionette	WARN	TLS certificate errors will be ignored for this session
JavaScript error: http://localhost:40991/static/js/bootstrap.min.js, line 6: TypeError: t is undefined
console.error: Region.jsm: "Error fetching region" (new Error("TIMEOUT", "resource://gre/modules/Region.jsm", 726))
console.error: Region.jsm: "Failed to fetch region" (new Error("TIMEOUT", "resource://gre/modules/Region.jsm", 376))
JavaScript error: http://localhost:40991/static/js/bootstrap.min.js, line 6: TypeError: t is undefined
JavaScript error: http://localhost:40991/static/js/bootstrap.min.js, line 6: TypeError: t is undefined
JavaScript error: http://localhost:40991/static/js/bootstrap.min.js, line 6: TypeError: t is undefined
JavaScript error: http://localhost:40991/static/js/bootstrap.min.js, line 6: TypeError: t is undefined
1614887704213	Marionette	INFO	Stopped listening on port 42183
JavaScript error: resource://activity-stream/lib/ASRouter.jsm, line 987: NS_ERROR_ILLEGAL_VALUE: Component returned failure code: 0x80070057 (NS_ERROR_ILLEGAL_VALUE) [nsIObserverService.removeObserver]
1614887781846	geckodriver	INFO	Listening on 127.0.0.1:45773
1614887781854	mozrunner::runner	INFO	Running command: "/usr/bin/firefox" "--marionette" "-foreground" "-no-remote" "-profile" "/tmp/rust_mozprofilesxnwwp"
console.warn: SearchSettings: "get: No settings file exists, new profile?" (new Error("", "(unknown module)"))
1614887788226	Marionette	INFO	Listening on port 43809
1614887788336	Marionette	WARN	TLS certificate errors will be ignored for this session
JavaScript error: http://localhost:34645/static/js/bootstrap.min.js, line 6: TypeError: t is undefined
console.error: Region.jsm: "Error fetching region" (new Error("TIMEOUT", "resource://gre/modules/Region.jsm", 726))
console.error: Region.jsm: "Failed to fetch region" (new Error("TIMEOUT", "resource://gre/modules/Region.jsm", 376))
JavaScript error: http://localhost:34645/static/js/bootstrap.min.js, line 6: TypeError: t is undefined
JavaScript error: http://localhost:34645/static/js/bootstrap.min.js, line 6: TypeError: t is undefined
JavaScript error: http://localhost:34645/static/js/bootstrap.min.js, line 6: TypeError: t is undefined
JavaScript error: http://localhost:34645/static/js/bootstrap.min.js, line 6: TypeError: t is undefined
1614887806955	Marionette	INFO	Stopped listening on port 43809
JavaScript error: resource://activity-stream/lib/ASRouter.jsm, line 987: NS_ERROR_ILLEGAL_VALUE: Component returned failure code: 0x80070057 (NS_ERROR_ILLEGAL_VALUE) [nsIObserverService.removeObserver]
1614887919919	geckodriver	INFO	Listening on 127.0.0.1:39875
1614887919927	mozrunner::runner	INFO	Running command: "/usr/bin/firefox" "--marionette" "-foreground" "-no-remote" "-profile" "/tmp/rust_mozprofilezLGOXP"
console.warn: SearchSettings: "get: No settings file exists, new profile?" (new Error("", "(unknown module)"))
1614887927692	Marionette	INFO	Listening on port 39171
1614887927805	Marionette	WARN	TLS certificate errors will be ignored for this session
JavaScript error: http://localhost:60851/static/js/bootstrap.min.js, line 6: TypeError: t is undefined
JavaScript error: http://localhost:60851/static/js/bootstrap.min.js, line 6: TypeError: t is undefined
1614887947010	Marionette	INFO	Stopped listening on port 39171
1614887971028	geckodriver	INFO	Listening on 127.0.0.1:49779
1614887971040	mozrunner::runner	INFO	Running command: "/usr/bin/firefox" "--marionette" "-foreground" "-no-remote" "-profile" "/tmp/rust_mozprofilefDyd1u"
console.warn: SearchSettings: "get: No settings file exists, new profile?" (new Error("", "(unknown module)"))
1614887979135	Marionette	INFO	Listening on port 36803
1614887979203	Marionette	WARN	TLS certificate errors will be ignored for this session
JavaScript error: http://localhost:56025/static/js/bootstrap.min.js, line 6: TypeError: t is undefined
JavaScript error: http://localhost:56025/static/js/bootstrap.min.js, line 6: TypeError: t is undefined
console.error: Region.jsm: "Error fetching region" (new Error("TIMEOUT", "resource://gre/modules/Region.jsm", 726))
console.error: Region.jsm: "Failed to fetch region" (new Error("TIMEOUT", "resource://gre/modules/Region.jsm", 376))
JavaScript error: http://localhost:56025/static/js/bootstrap.min.js, line 6: TypeError: t is undefined
JavaScript error: http://localhost:56025/static/js/bootstrap.min.js, line 6: TypeError: t is undefined
1614887991396	Marionette	INFO	Stopped listening on port 36803
JavaScript error: resource://activity-stream/lib/ASRouter.jsm, line 987: NS_ERROR_ILLEGAL_VALUE: Component returned failure code: 0x80070057 (NS_ERROR_ILLEGAL_VALUE) [nsIObserverService.removeObserver]
console.error: services.settings: 
  main/message-groups Signature failed  TypeError: NetworkError when attempting to fetch resource.
console.error: services.settings: 
  main/partitioning-exempt-urls Signature failed  TypeError: NetworkError when attempting to fetch resource.
console.error: services.settings: 
  main/fxmonitor-breaches Signature failed  TypeError: NetworkError when attempting to fetch resource.
1614888750604	geckodriver	INFO	Listening on 127.0.0.1:34927
1614888751547	mozrunner::runner	INFO	Running command: "/usr/bin/firefox" "--marionette" "-foreground" "-no-remote" "-profile" "/tmp/rust_mozprofileL0jFto"
console.warn: SearchSettings: "get: No settings file exists, new profile?" (new Error("", "(unknown module)"))
1614888775452	Marionette	INFO	Listening on port 43549
1614888775961	Marionette	WARN	TLS certificate errors will be ignored for this session
JavaScript error: http://localhost:38821/static/js/bootstrap.min.js, line 6: TypeError: t is undefined
1614888784071	Marionette	INFO	Stopped listening on port 43549
JavaScript error: resource://activity-stream/lib/ASRouter.jsm, line 987: NS_ERROR_ILLEGAL_VALUE: Component returned failure code: 0x80070057 (NS_ERROR_ILLEGAL_VALUE) [nsIObserverService.removeObserver]
1614888937812	geckodriver	INFO	Listening on 127.0.0.1:54187
1614888937823	mozrunner::runner	INFO	Running command: "/usr/bin/firefox" "--marionette" "-foreground" "-no-remote" "-profile" "/tmp/rust_mozprofileoFp0bz"
console.warn: SearchSettings: "get: No settings file exists, new profile?" (new Error("", "(unknown module)"))
1614888946422	Marionette	INFO	Listening on port 38269
1614888946500	Marionette	WARN	TLS certificate errors will be ignored for this session
JavaScript error: http://localhost:33569/static/js/bootstrap.min.js, line 6: TypeError: t is undefined
1614888952720	Marionette	INFO	Stopped listening on port 38269
JavaScript error: resource://activity-stream/lib/ASRouter.jsm, line 987: NS_ERROR_ILLEGAL_VALUE: Component returned failure code: 0x80070057 (NS_ERROR_ILLEGAL_VALUE) [nsIObserverService.removeObserver]
1614889087110	geckodriver	INFO	Listening on 127.0.0.1:47785
1614889088052	mozrunner::runner	INFO	Running command: "/usr/bin/firefox" "--marionette" "-foreground" "-no-remote" "-profile" "/tmp/rust_mozprofileWU7rVv"
console.warn: SearchSettings: "get: No settings file exists, new profile?" (new Error("", "(unknown module)"))
1614889097428	Marionette	INFO	Listening on port 38841
1614889097559	Marionette	WARN	TLS certificate errors will be ignored for this session
JavaScript error: http://localhost:54353/static/js/bootstrap.min.js, line 6: TypeError: t is undefined
1614889107030	Marionette	INFO	Stopped listening on port 38841
JavaScript error: resource://activity-stream/lib/ASRouter.jsm, line 987: NS_ERROR_ILLEGAL_VALUE: Component returned failure code: 0x80070057 (NS_ERROR_ILLEGAL_VALUE) [nsIObserverService.removeObserver]
JavaScript error: resource://gre/modules/UrlClassifierListManager.jsm, line 691: TypeError: this.tablesData[table] is undefined
1614889158169	geckodriver	INFO	Listening on 127.0.0.1:37881
1614889158183	mozrunner::runner	INFO	Running command: "/usr/bin/firefox" "--marionette" "-foreground" "-no-remote" "-profile" "/tmp/rust_mozprofiletpjOaX"
console.warn: SearchSettings: "get: No settings file exists, new profile?" (new Error("", "(unknown module)"))
1614889167567	Marionette	INFO	Listening on port 36211
1614889167676	Marionette	WARN	TLS certificate errors will be ignored for this session
JavaScript error: http://localhost:55269/static/js/bootstrap.min.js, line 6: TypeError: t is undefined
1614889173327	Marionette	INFO	Stopped listening on port 36211
JavaScript error: resource://activity-stream/lib/ASRouter.jsm, line 987: NS_ERROR_ILLEGAL_VALUE: Component returned failure code: 0x80070057 (NS_ERROR_ILLEGAL_VALUE) [nsIObserverService.removeObserver]
1614889914373	geckodriver	INFO	Listening on 127.0.0.1:56445
1614889914379	mozrunner::runner	INFO	Running command: "/usr/bin/firefox" "--marionette" "-foreground" "-no-remote" "-profile" "/tmp/rust_mozprofileE8s55g"
console.warn: SearchSettings: "get: No settings file exists, new profile?" (new Error("", "(unknown module)"))
1614889923685	Marionette	INFO	Listening on port 40623
1614889923952	Marionette	WARN	TLS certificate errors will be ignored for this session
JavaScript error: http://localhost:48243/static/js/bootstrap.min.js, line 6: TypeError: t is undefined
JavaScript error: http://localhost:48243/static/js/bootstrap.min.js, line 6: TypeError: t is undefined
JavaScript error: http://localhost:48243/static/js/bootstrap.min.js, line 6: TypeError: t is undefined
1614889933314	Marionette	INFO	Stopped listening on port 40623
JavaScript error: resource://gre/modules/UrlClassifierListManager.jsm, line 691: TypeError: this.tablesData[table] is undefined
1614890887895	geckodriver	INFO	Listening on 127.0.0.1:40635
1614890887922	mozrunner::runner	INFO	Running command: "/usr/bin/firefox" "--marionette" "-foreground" "-no-remote" "-profile" "/tmp/rust_mozprofile3v0zb6"
console.warn: SearchSettings: "get: No settings file exists, new profile?" (new Error("", "(unknown module)"))
1614890894436	Marionette	INFO	Listening on port 43979
1614890894481	Marionette	WARN	TLS certificate errors will be ignored for this session
JavaScript error: http://localhost:60911/static/js/bootstrap.min.js, line 6: TypeError: t is undefined
JavaScript error: http://localhost:60911/static/js/bootstrap.min.js, line 6: TypeError: t is undefined
JavaScript error: http://localhost:60911/static/js/bootstrap.min.js, line 6: TypeError: t is undefined
JavaScript error: http://localhost:60911/static/js/bootstrap.min.js, line 6: TypeError: t is undefined
JavaScript error: http://localhost:60911/static/js/bootstrap.min.js, line 6: TypeError: t is undefined
JavaScript error: http://localhost:60911/static/js/bootstrap.min.js, line 6: TypeError: t is undefined
JavaScript error: http://localhost:60911/static/js/bootstrap.min.js, line 6: TypeError: t is undefined
JavaScript error: http://localhost:60911/static/js/bootstrap.min.js, line 6: TypeError: t is undefined
JavaScript error: http://localhost:60911/static/js/bootstrap.min.js, line 6: TypeError: t is undefined
JavaScript error: http://localhost:60911/static/js/bootstrap.min.js, line 6: TypeError: t is undefined
JavaScript error: http://localhost:60911/static/js/bootstrap.min.js, line 6: TypeError: t is undefined
JavaScript error: http://localhost:60911/static/js/bootstrap.min.js, line 6: TypeError: t is undefined
1614890937747	Marionette	INFO	Stopped listening on port 43979
JavaScript error: resource://activity-stream/lib/ASRouter.jsm, line 987: NS_ERROR_ILLEGAL_VALUE: Component returned failure code: 0x80070057 (NS_ERROR_ILLEGAL_VALUE) [nsIObserverService.removeObserver]
1614891193674	geckodriver	INFO	Listening on 127.0.0.1:38855
1614891193682	mozrunner::runner	INFO	Running command: "/usr/bin/firefox" "--marionette" "-foreground" "-no-remote" "-profile" "/tmp/rust_mozprofilekIU5y1"
console.warn: SearchSettings: "get: No settings file exists, new profile?" (new Error("", "(unknown module)"))
1614891200927	Marionette	INFO	Listening on port 45341
1614891201088	Marionette	WARN	TLS certificate errors will be ignored for this session
JavaScript error: http://localhost:46287/static/js/bootstrap.min.js, line 6: TypeError: t is undefined
JavaScript error: http://localhost:46287/static/js/bootstrap.min.js, line 6: TypeError: t is undefined
JavaScript error: http://localhost:46287/static/js/bootstrap.min.js, line 6: TypeError: t is undefined
JavaScript error: http://localhost:46287/static/js/bootstrap.min.js, line 6: TypeError: t is undefined
JavaScript error: http://localhost:46287/static/js/bootstrap.min.js, line 6: TypeError: t is undefined
JavaScript error: http://localhost:46287/static/js/bootstrap.min.js, line 6: TypeError: t is undefined
JavaScript error: http://localhost:46287/static/js/bootstrap.min.js, line 6: TypeError: t is undefined
JavaScript error: http://localhost:46287/static/js/bootstrap.min.js, line 6: TypeError: t is undefined
JavaScript error: http://localhost:46287/static/js/bootstrap.min.js, line 6: TypeError: t is undefined
JavaScript error: http://localhost:46287/static/js/bootstrap.min.js, line 6: TypeError: t is undefined
JavaScript error: http://localhost:46287/static/js/bootstrap.min.js, line 6: TypeError: t is undefined
JavaScript error: http://localhost:46287/static/js/bootstrap.min.js, line 6: TypeError: t is undefined
1614891220148	Marionette	INFO	Stopped listening on port 45341
JavaScript error: resource://activity-stream/lib/ASRouter.jsm, line 987: NS_ERROR_ILLEGAL_VALUE: Component returned failure code: 0x80070057 (NS_ERROR_ILLEGAL_VALUE) [nsIObserverService.removeObserver]
1614891378555	geckodriver	INFO	Listening on 127.0.0.1:48519
1614891378564	mozrunner::runner	INFO	Running command: "/usr/bin/firefox" "--marionette" "-foreground" "-no-remote" "-profile" "/tmp/rust_mozprofilebE14e6"
console.warn: SearchSettings: "get: No settings file exists, new profile?" (new Error("", "(unknown module)"))
1614891385656	Marionette	INFO	Listening on port 34427
1614891385774	Marionette	WARN	TLS certificate errors will be ignored for this session
JavaScript error: http://localhost:41955/static/js/bootstrap.min.js, line 6: TypeError: t is undefined
JavaScript error: http://localhost:41955/static/js/bootstrap.min.js, line 6: TypeError: t is undefined
JavaScript error: http://localhost:41955/static/js/bootstrap.min.js, line 6: TypeError: t is undefined
JavaScript error: http://localhost:41955/static/js/bootstrap.min.js, line 6: TypeError: t is undefined
JavaScript error: http://localhost:41955/static/js/bootstrap.min.js, line 6: TypeError: t is undefined
JavaScript error: http://localhost:41955/static/js/bootstrap.min.js, line 6: TypeError: t is undefined
JavaScript error: http://localhost:41955/static/js/bootstrap.min.js, line 6: TypeError: t is undefined
JavaScript error: http://localhost:41955/static/js/bootstrap.min.js, line 6: TypeError: t is undefined
JavaScript error: http://localhost:41955/static/js/bootstrap.min.js, line 6: TypeError: t is undefined
JavaScript error: http://localhost:41955/static/js/bootstrap.min.js, line 6: TypeError: t is undefined
JavaScript error: http://localhost:41955/static/js/bootstrap.min.js, line 6: TypeError: t is undefined
JavaScript error: http://localhost:41955/static/js/bootstrap.min.js, line 6: TypeError: t is undefined
1614891406150	Marionette	INFO	Stopped listening on port 34427
JavaScript error: resource://activity-stream/lib/ASRouter.jsm, line 987: NS_ERROR_ILLEGAL_VALUE: Component returned failure code: 0x80070057 (NS_ERROR_ILLEGAL_VALUE) [nsIObserverService.removeObserver]
1614891542480	geckodriver	INFO	Listening on 127.0.0.1:54199
1614891542490	mozrunner::runner	INFO	Running command: "/usr/bin/firefox" "--marionette" "-foreground" "-no-remote" "-profile" "/tmp/rust_mozprofile0pgMOh"
console.warn: SearchSettings: "get: No settings file exists, new profile?" (new Error("", "(unknown module)"))
1614891551170	Marionette	INFO	Listening on port 40387
1614891551251	Marionette	WARN	TLS certificate errors will be ignored for this session
JavaScript error: http://localhost:49611/static/js/bootstrap.min.js, line 6: TypeError: t is undefined
JavaScript error: http://localhost:49611/static/js/bootstrap.min.js, line 6: TypeError: t is undefined
JavaScript error: http://localhost:49611/static/js/bootstrap.min.js, line 6: TypeError: t is undefined
JavaScript error: http://localhost:49611/static/js/bootstrap.min.js, line 6: TypeError: t is undefined
JavaScript error: http://localhost:49611/static/js/bootstrap.min.js, line 6: TypeError: t is undefined
JavaScript error: http://localhost:49611/static/js/bootstrap.min.js, line 6: TypeError: t is undefined
JavaScript error: http://localhost:49611/static/js/bootstrap.min.js, line 6: TypeError: t is undefined
JavaScript error: http://localhost:49611/static/js/bootstrap.min.js, line 6: TypeError: t is undefined
JavaScript error: http://localhost:49611/static/js/bootstrap.min.js, line 6: TypeError: t is undefined
JavaScript error: http://localhost:49611/static/js/bootstrap.min.js, line 6: TypeError: t is undefined
JavaScript error: http://localhost:49611/static/js/bootstrap.min.js, line 6: TypeError: t is undefined
JavaScript error: http://localhost:49611/static/js/bootstrap.min.js, line 6: TypeError: t is undefined
1614891577664	Marionette	INFO	Stopped listening on port 40387
JavaScript error: resource://activity-stream/lib/ASRouter.jsm, line 987: NS_ERROR_ILLEGAL_VALUE: Component returned failure code: 0x80070057 (NS_ERROR_ILLEGAL_VALUE) [nsIObserverService.removeObserver]
1614891908170	geckodriver	INFO	Listening on 127.0.0.1:43465
1614891908178	mozrunner::runner	INFO	Running command: "/usr/bin/firefox" "--marionette" "-foreground" "-no-remote" "-profile" "/tmp/rust_mozprofile1fq7V7"
console.warn: SearchSettings: "get: No settings file exists, new profile?" (new Error("", "(unknown module)"))
1614891914333	Marionette	INFO	Listening on port 34065
1614891914442	Marionette	WARN	TLS certificate errors will be ignored for this session
JavaScript error: http://localhost:58223/static/js/bootstrap.min.js, line 6: TypeError: t is undefined
JavaScript error: http://localhost:58223/static/js/bootstrap.min.js, line 6: TypeError: t is undefined
JavaScript error: http://localhost:58223/static/js/bootstrap.min.js, line 6: TypeError: t is undefined
JavaScript error: http://localhost:58223/static/js/bootstrap.min.js, line 6: TypeError: t is undefined
JavaScript error: http://localhost:58223/static/js/bootstrap.min.js, line 6: TypeError: t is undefined
JavaScript error: http://localhost:58223/static/js/bootstrap.min.js, line 6: TypeError: t is undefined
JavaScript error: http://localhost:58223/static/js/bootstrap.min.js, line 6: TypeError: t is undefined
JavaScript error: http://localhost:58223/static/js/bootstrap.min.js, line 6: TypeError: t is undefined
JavaScript error: http://localhost:58223/static/js/bootstrap.min.js, line 6: TypeError: t is undefined
JavaScript error: http://localhost:58223/static/js/bootstrap.min.js, line 6: TypeError: t is undefined
JavaScript error: http://localhost:58223/static/js/bootstrap.min.js, line 6: TypeError: t is undefined
JavaScript error: http://localhost:58223/static/js/bootstrap.min.js, line 6: TypeError: t is undefined
1614891941574	Marionette	INFO	Stopped listening on port 34065
JavaScript error: resource://activity-stream/lib/ASRouter.jsm, line 987: NS_ERROR_ILLEGAL_VALUE: Component returned failure code: 0x80070057 (NS_ERROR_ILLEGAL_VALUE) [nsIObserverService.removeObserver]
1614892293887	geckodriver	INFO	Listening on 127.0.0.1:55221
1614892293894	mozrunner::runner	INFO	Running command: "/usr/bin/firefox" "--marionette" "-foreground" "-no-remote" "-profile" "/tmp/rust_mozprofileTddwK6"
console.warn: SearchSettings: "get: No settings file exists, new profile?" (new Error("", "(unknown module)"))
1614892300537	Marionette	INFO	Listening on port 41827
1614892300700	Marionette	WARN	TLS certificate errors will be ignored for this session
JavaScript error: http://localhost:45187/static/js/bootstrap.min.js, line 6: TypeError: t is undefined
JavaScript error: http://localhost:45187/static/js/bootstrap.min.js, line 6: TypeError: t is undefined
JavaScript error: http://localhost:45187/static/js/bootstrap.min.js, line 6: TypeError: t is undefined
JavaScript error: http://localhost:45187/static/js/bootstrap.min.js, line 6: TypeError: t is undefined
1614892313270	Marionette	INFO	Stopped listening on port 41827
JavaScript error: resource://activity-stream/lib/ASRouter.jsm, line 987: NS_ERROR_ILLEGAL_VALUE: Component returned failure code: 0x80070057 (NS_ERROR_ILLEGAL_VALUE) [nsIObserverService.removeObserver]
1614892338643	geckodriver	INFO	Listening on 127.0.0.1:51427
1614892338652	mozrunner::runner	INFO	Running command: "/usr/bin/firefox" "--marionette" "-foreground" "-no-remote" "-profile" "/tmp/rust_mozprofileiVLzmr"
console.warn: SearchSettings: "get: No settings file exists, new profile?" (new Error("", "(unknown module)"))
1614892346084	Marionette	INFO	Listening on port 34951
1614892346223	Marionette	WARN	TLS certificate errors will be ignored for this session
JavaScript error: http://localhost:51807/static/js/bootstrap.min.js, line 6: TypeError: t is undefined
JavaScript error: http://localhost:51807/static/js/bootstrap.min.js, line 6: TypeError: t is undefined
JavaScript error: http://localhost:51807/static/js/bootstrap.min.js, line 6: TypeError: t is undefined
JavaScript error: http://localhost:51807/static/js/bootstrap.min.js, line 6: TypeError: t is undefined
JavaScript error: http://localhost:51807/static/js/bootstrap.min.js, line 6: TypeError: t is undefined
JavaScript error: http://localhost:51807/static/js/bootstrap.min.js, line 6: TypeError: t is undefined
1614892357203	Marionette	INFO	Stopped listening on port 34951
JavaScript error: resource://activity-stream/lib/ASRouter.jsm, line 987: NS_ERROR_ILLEGAL_VALUE: Component returned failure code: 0x80070057 (NS_ERROR_ILLEGAL_VALUE) [nsIObserverService.removeObserver]
1614892440359	geckodriver	INFO	Listening on 127.0.0.1:45491
1614892440366	mozrunner::runner	INFO	Running command: "/usr/bin/firefox" "--marionette" "-foreground" "-no-remote" "-profile" "/tmp/rust_mozprofileWojRy9"
console.warn: SearchSettings: "get: No settings file exists, new profile?" (new Error("", "(unknown module)"))
1614892447732	Marionette	INFO	Listening on port 41381
1614892447848	Marionette	WARN	TLS certificate errors will be ignored for this session
JavaScript error: http://localhost:53043/static/js/bootstrap.min.js, line 6: TypeError: t is undefined
JavaScript error: http://localhost:53043/static/js/bootstrap.min.js, line 6: TypeError: t is undefined
JavaScript error: http://localhost:53043/static/js/bootstrap.min.js, line 6: TypeError: t is undefined
JavaScript error: http://localhost:53043/static/js/bootstrap.min.js, line 6: TypeError: t is undefined
JavaScript error: http://localhost:53043/static/js/bootstrap.min.js, line 6: TypeError: t is undefined
JavaScript error: http://localhost:53043/static/js/bootstrap.min.js, line 6: TypeError: t is undefined
1614892458587	Marionette	INFO	Stopped listening on port 41381
JavaScript error: resource://activity-stream/lib/ASRouter.jsm, line 987: NS_ERROR_ILLEGAL_VALUE: Component returned failure code: 0x80070057 (NS_ERROR_ILLEGAL_VALUE) [nsIObserverService.removeObserver]
1614892726616	geckodriver	INFO	Listening on 127.0.0.1:60505
1614892726625	mozrunner::runner	INFO	Running command: "/usr/bin/firefox" "--marionette" "-foreground" "-no-remote" "-profile" "/tmp/rust_mozprofileTmNcil"
console.warn: SearchSettings: "get: No settings file exists, new profile?" (new Error("", "(unknown module)"))
1614892732988	Marionette	INFO	Listening on port 43385
1614892733082	Marionette	WARN	TLS certificate errors will be ignored for this session
JavaScript error: http://localhost:51533/static/js/bootstrap.min.js, line 6: TypeError: t is undefined
JavaScript error: http://localhost:51533/static/js/bootstrap.min.js, line 6: TypeError: t is undefined
JavaScript error: http://localhost:51533/static/js/bootstrap.min.js, line 6: TypeError: t is undefined
console.error: Region.jsm: "Error fetching region" (new Error("TIMEOUT", "resource://gre/modules/Region.jsm", 726))
console.error: Region.jsm: "Failed to fetch region" (new Error("TIMEOUT", "resource://gre/modules/Region.jsm", 376))
JavaScript error: http://localhost:51533/static/js/bootstrap.min.js, line 6: TypeError: t is undefined
JavaScript error: http://localhost:51533/static/js/bootstrap.min.js, line 6: TypeError: t is undefined
JavaScript error: http://localhost:51533/static/js/bootstrap.min.js, line 6: TypeError: t is undefined
JavaScript error: http://localhost:51533/static/js/bootstrap.min.js, line 6: TypeError: t is undefined
JavaScript error: http://localhost:51533/static/js/bootstrap.min.js, line 6: TypeError: t is undefined
JavaScript error: http://localhost:51533/static/js/bootstrap.min.js, line 6: TypeError: t is undefined
JavaScript error: http://localhost:51533/static/js/bootstrap.min.js, line 6: TypeError: t is undefined
JavaScript error: http://localhost:51533/static/js/bootstrap.min.js, line 6: TypeError: t is undefined
JavaScript error: http://localhost:51533/static/js/bootstrap.min.js, line 6: TypeError: t is undefined
1614892750582	Marionette	INFO	Stopped listening on port 43385
JavaScript error: resource://activity-stream/lib/ASRouter.jsm, line 987: NS_ERROR_ILLEGAL_VALUE: Component returned failure code: 0x80070057 (NS_ERROR_ILLEGAL_VALUE) [nsIObserverService.removeObserver]
1614892807042	geckodriver	INFO	Listening on 127.0.0.1:58095
1614892807050	mozrunner::runner	INFO	Running command: "/usr/bin/firefox" "--marionette" "-foreground" "-no-remote" "-profile" "/tmp/rust_mozprofilepivmmV"
console.warn: SearchSettings: "get: No settings file exists, new profile?" (new Error("", "(unknown module)"))
1614892812827	Marionette	INFO	Listening on port 45261
1614892813091	Marionette	WARN	TLS certificate errors will be ignored for this session
JavaScript error: http://localhost:50177/static/js/bootstrap.min.js, line 6: TypeError: t is undefined
JavaScript error: http://localhost:50177/static/js/bootstrap.min.js, line 6: TypeError: t is undefined
JavaScript error: http://localhost:50177/static/js/bootstrap.min.js, line 6: TypeError: t is undefined
JavaScript error: http://localhost:50177/static/js/bootstrap.min.js, line 6: TypeError: t is undefined
JavaScript error: http://localhost:50177/static/js/bootstrap.min.js, line 6: TypeError: t is undefined
JavaScript error: http://localhost:50177/static/js/bootstrap.min.js, line 6: TypeError: t is undefined
1614892830197	Marionette	INFO	Stopped listening on port 45261
JavaScript error: resource://activity-stream/lib/ASRouter.jsm, line 987: NS_ERROR_ILLEGAL_VALUE: Component returned failure code: 0x80070057 (NS_ERROR_ILLEGAL_VALUE) [nsIObserverService.removeObserver]
1614892939125	geckodriver	INFO	Listening on 127.0.0.1:45379
1614892939133	mozrunner::runner	INFO	Running command: "/usr/bin/firefox" "--marionette" "-foreground" "-no-remote" "-profile" "/tmp/rust_mozprofileaQFOuZ"
console.warn: SearchSettings: "get: No settings file exists, new profile?" (new Error("", "(unknown module)"))
1614892945134	Marionette	INFO	Listening on port 35253
1614892945243	Marionette	WARN	TLS certificate errors will be ignored for this session
JavaScript error: http://localhost:60093/static/js/bootstrap.min.js, line 6: TypeError: t is undefined
JavaScript error: http://localhost:60093/static/js/bootstrap.min.js, line 6: TypeError: t is undefined
JavaScript error: http://localhost:60093/static/js/bootstrap.min.js, line 6: TypeError: t is undefined
JavaScript error: http://localhost:60093/static/js/bootstrap.min.js, line 6: TypeError: t is undefined
JavaScript error: http://localhost:60093/static/js/bootstrap.min.js, line 6: TypeError: t is undefined
JavaScript error: http://localhost:60093/static/js/bootstrap.min.js, line 6: TypeError: t is undefined
JavaScript error: http://localhost:60093/static/js/bootstrap.min.js, line 6: TypeError: t is undefined
JavaScript error: http://localhost:60093/static/js/bootstrap.min.js, line 6: TypeError: t is undefined
JavaScript error: http://localhost:60093/static/js/bootstrap.min.js, line 6: TypeError: t is undefined
JavaScript error: http://localhost:60093/static/js/bootstrap.min.js, line 6: TypeError: t is undefined
JavaScript error: http://localhost:60093/static/js/bootstrap.min.js, line 6: TypeError: t is undefined
JavaScript error: http://localhost:60093/static/js/bootstrap.min.js, line 6: TypeError: t is undefined
1614892963646	Marionette	INFO	Stopped listening on port 35253
1614940703824	geckodriver	INFO	Listening on 127.0.0.1:55033
1614940704901	mozrunner::runner	INFO	Running command: "/usr/bin/firefox" "--marionette" "-foreground" "-no-remote" "-profile" "/tmp/rust_mozprofileDtiDCf"
console.warn: SearchSettings: "get: No settings file exists, new profile?" (new Error("", "(unknown module)"))
1614940752825	Marionette	INFO	Listening on port 37781
1614940753693	Marionette	WARN	TLS certificate errors will be ignored for this session
1614940788919	Marionette	INFO	Stopped listening on port 37781

###!!! [Parent][RunMessage] Error: Channel closing: too late to send/recv, messages will be lost


###!!! [Parent][RunMessage] Error: Channel closing: too late to send/recv, messages will be lost


###!!! [Parent][RunMessage] Error: Channel closing: too late to send/recv, messages will be lost


###!!! [Parent][RunMessage] Error: Channel closing: too late to send/recv, messages will be lost


###!!! [Parent][RunMessage] Error: Channel closing: too late to send/recv, messages will be lost


###!!! [Parent][RunMessage] Error: Channel closing: too late to send/recv, messages will be lost


###!!! [Parent][RunMessage] Error: Channel closing: too late to send/recv, messages will be lost

1614940873470	geckodriver	INFO	Listening on 127.0.0.1:51767
1614940874223	mozrunner::runner	INFO	Running command: "/usr/bin/firefox" "--marionette" "-foreground" "-no-remote" "-profile" "/tmp/rust_mozprofilebKz5Xw"
console.warn: SearchSettings: "get: No settings file exists, new profile?" (new Error("", "(unknown module)"))
1614940917409	Marionette	INFO	Listening on port 34017
1614940918043	Marionette	WARN	TLS certificate errors will be ignored for this session
JavaScript error: http://localhost:46845/static/js/bootstrap.min.js, line 6: TypeError: t is undefined
1614940959168	Marionette	INFO	Stopped listening on port 34017
1614941100369	geckodriver	INFO	Listening on 127.0.0.1:38323
1614941100386	mozrunner::runner	INFO	Running command: "/usr/bin/firefox" "--marionette" "-foreground" "-no-remote" "-profile" "/tmp/rust_mozprofileuveuQi"
console.warn: SearchSettings: "get: No settings file exists, new profile?" (new Error("", "(unknown module)"))
console.error: Region.jsm: "Error fetching region" (new Error("TIMEOUT", "resource://gre/modules/Region.jsm", 726))
console.error: Region.jsm: "Failed to fetch region" (new Error("TIMEOUT", "resource://gre/modules/Region.jsm", 376))
1614941119227	Marionette	INFO	Listening on port 43429
1614941119282	Marionette	WARN	TLS certificate errors will be ignored for this session
JavaScript error: http://localhost:46877/static/js/bootstrap.min.js, line 6: TypeError: t is undefined
JavaScript error: http://localhost:46877/static/js/bootstrap.min.js, line 6: TypeError: t is undefined
1614941123765	Marionette	WARN	TimedPromise timed out after 500 ms: stacktrace:
TimedPromise/<@chrome://marionette/content/sync.js:235:19
TimedPromise@chrome://marionette/content/sync.js:220:10
interaction.flushEventLoop@chrome://marionette/content/interaction.js:418:10
webdriverClickElement@chrome://marionette/content/interaction.js:179:31
JavaScript error: http://localhost:46877/static/js/bootstrap.min.js, line 6: TypeError: t is undefined
JavaScript error: http://localhost:46877/static/js/bootstrap.min.js, line 6: TypeError: t is undefined
JavaScript error: http://localhost:46877/static/js/bootstrap.min.js, line 6: TypeError: t is undefined
JavaScript error: http://localhost:46877/static/js/bootstrap.min.js, line 6: TypeError: t is undefined
1614941136189	Marionette	INFO	Stopped listening on port 43429
